<?xml version="1.0" encoding="UTF-8"?>
<testsuite name="it.uniba.eculturetool.tag_lib.TextMakerTest" tests="1" skipped="0" failures="0" errors="0" timestamp="2022-10-30T14:19:42" hostname="fra" time="0.211">
  <properties/>
  <testcase name="translationFromItToEn" classname="it.uniba.eculturetool.tag_lib.TextMakerTest" time="0.211"/>
  <system-out><![CDATA[]]></system-out>
  <system-err><![CDATA[]]></system-err>
</testsuite>
